make all --print-data-base --no-builtin-variables --no-builtin-rules --question
# GNU Make 4.2.1
# Built for x86_64-pc-linux-gnu
# Copyright (C) 1988-2016 Free Software Foundation, Inc.
# License GPLv3+: GNU GPL version 3 or later <http://gnu.org/licenses/gpl.html>
# This is free software: you are free to change and redistribute it.
# There is NO WARRANTY, to the extent permitted by law.

# Make data base, printed on Tue Jul  5 14:17:37 2022

# Variables

# 'override' directive
GNUMAKEFLAGS := 
# automatic
<D = $(patsubst %/,%,$(dir $<))
# automatic
?F = $(notdir $?)
# environment
DESKTOP_SESSION = ubuntu
# default
.SHELLFLAGS := -c
# environment
XDG_SESSION_CLASS = user
# environment
XDG_SESSION_TYPE = x11
# environment
VSCODE_LOG_NATIVE = false
# automatic
?D = $(patsubst %/,%,$(dir $?))
# environment
IM_CONFIG_PHASE = 1
# automatic
@D = $(patsubst %/,%,$(dir $@))
# environment
XAUTHORITY = /run/user/1000/gdm/Xauthority
# environment
GDMSESSION = ubuntu
# environment
XMODIFIERS = @im=ibus
# makefile
CURDIR := /home/safari/Documents/upmem_helloworld
# makefile
SHELL = /bin/sh
# environment
VSCODE_NLS_CONFIG = {"locale":"en-us","availableLanguages":{},"_languagePackSupport":true}
# environment
_ = /usr/share/code/code
# makefile (from 'Makefile', line 8)
DPU_TARGET := bin/dpu_code
# makefile (from 'Makefile', line 16)
NR_DPUS = 1 
# environment
JOURNAL_STREAM = 8:47354
# environment
XDG_CONFIG_DIRS = /etc/xdg/xdg-ubuntu:/etc/xdg
# makefile (from 'Makefile', line 1)
MAKEFILE_LIST :=  Makefile
# automatic
@F = $(notdir $@)
# environment
GIO_LAUNCHED_DESKTOP_FILE = /usr/share/applications/code.desktop
# environment
USERNAME = safari
# environment
MAKELEVEL := 0
# environment
XDG_DATA_DIRS = /usr/share/ubuntu:/usr/local/share/:/usr/share/:/var/lib/snapd/desktop
# environment
DBUS_SESSION_BUS_ADDRESS = unix:path=/run/user/1000/bus
# environment
VSCODE_VERBOSE_LOGGING = true
# makefile (from 'Makefile', line 5)
BUILDDIR = bin
# environment
MANAGERPID = 1324
# environment
LESSOPEN = | /usr/bin/lesspipe %s
# environment
LC_NAME = fr_FR.UTF-8
# environment
VSCODE_CWD = /home/safari
# default
MAKE_HOST := x86_64-pc-linux-gnu
# environment
PATH = /usr/local/sbin:/usr/local/bin:/usr/sbin:/usr/bin:/sbin:/bin:/usr/games:/usr/local/games:/snap/bin
# environment
GPG_AGENT_INFO = /run/user/1000/gnupg/S.gpg-agent:0:1
# environment
GJS_DEBUG_OUTPUT = stderr
# environment
SESSION_MANAGER = local/safari-laptop:@/tmp/.ICE-unix/1541,unix/safari-laptop:/tmp/.ICE-unix/1541
# environment
XDG_RUNTIME_DIR = /run/user/1000
# environment
XDG_MENU_PREFIX = gnome-
# environment
VSCODE_LOG_STACK = false
# environment
ELECTRON_RUN_AS_NODE = 1
# environment
INVOCATION_ID = c5966b50d22a4532877834b38e3bfd11
# default
.FEATURES := target-specific order-only second-expansion else-if shortest-stem undefine oneshell archives jobserver output-sync check-symlink load
# environment
LS_COLORS = 
# environment
XDG_SESSION_DESKTOP = ubuntu
# environment
SSH_AUTH_SOCK = /run/user/1000/keyring/ssh
# environment
GIO_LAUNCHED_DESKTOP_FILE_PID = 3018
# automatic
%F = $(notdir $%)
# environment
DISPLAY = :0
# environment
VSCODE_PIPE_LOGGING = true
# makefile (from 'Makefile', line 2)
DPU_DIR := dpu
# environment
PWD = /home/safari/Documents/upmem_helloworld
# default
.LOADED := 
# makefile (from 'Makefile', line 7)
HOST_TARGET := bin/host_code
# environment
SSH_AGENT_PID = 1503
# environment
ORIGINAL_XDG_CURRENT_DESKTOP = ubuntu:GNOME
# environment
GTK_MODULES = gail:atk-bridge
# environment
VSCODE_AMD_ENTRYPOINT = vs/workbench/api/node/extensionHostProcess
# environment
HOME = /home/safari
# environment
LESSCLOSE = /usr/bin/lesspipe %s %s
# environment
VSCODE_CODE_CACHE_PATH = /home/safari/.config/Code/CachedData/30d9c6cd9483b2cc586687151bcbcd635f373630
# environment
LOGNAME = safari
# environment
APPLICATION_INSIGHTS_NO_DIAGNOSTIC_CHANNEL = true
# automatic
+F = $(notdir $+)
# environment
VSCODE_HANDLES_UNCAUGHT_ERRORS = true
# environment
GNOME_DESKTOP_SESSION_ID = this-is-deprecated
# automatic
^D = $(patsubst %/,%,$(dir $^))
# makefile (from 'Makefile', line 17)
ENERGY = 0
# makefile (from 'Makefile', line 26)
DPU_FLAGS := 
# environment
LC_TIME = fr_FR.UTF-8
# default
MAKE = $(MAKE_COMMAND)
# default
MAKECMDGOALS := all
# environment
QT_IM_MODULE = ibus
# environment
SHLVL = 0
# environment
GNOME_SHELL_SESSION_MODE = ubuntu
# environment
VSCODE_IPC_HOOK_EXTHOST = /run/user/1000/vscode-ipc-d86f84a6-d3c1-4cff-adee-1dc7b19e675a.sock
# default
MAKE_VERSION := 4.2.1
# environment
USER = safari
# environment
LC_MONETARY = fr_FR.UTF-8
# makefile
.DEFAULT_GOAL := all
# environment
XDG_CURRENT_DESKTOP = Unity
# automatic
%D = $(patsubst %/,%,$(dir $%))
# environment
LC_TELEPHONE = fr_FR.UTF-8
# makefile (from 'Makefile', line 15)
NR_TASKLETS = 1
# default
MAKE_COMMAND := make
# default
.VARIABLES := 
# automatic
*F = $(notdir $*)
# environment
VSCODE_IPC_HOOK = /run/user/1000/vscode-06652d66-1.68.1-main.sock
# makefile
MAKEFLAGS = pqrR
 
# environment
MFLAGS = -pqrR
# automatic
*D = $(patsubst %/,%,$(dir $*))
# automatic
+D = $(patsubst %/,%,$(dir $+))
# environment
GDK_BACKEND = x11
# environment
LC_PAPER = fr_FR.UTF-8
# makefile (from 'Makefile', line 25)
HOST_FLAGS :=  -std=c99 `dpu-pkg-config --cflags --libs dpu`
# makefile (from 'Makefile', line 3)
HOST_DIR := host
# environment
QT_ACCESSIBILITY = 1
# 'override' directive
.SHELLSTATUS := 0
# default
MAKEFILES := 
# makefile (from 'Makefile', line 10)
HOST_SOURCES := host/helloworld_host.c
# environment
LC_NUMERIC = fr_FR.UTF-8
# automatic
<F = $(notdir $<)
# environment
LC_MEASUREMENT = fr_FR.UTF-8
# makefile (from 'Makefile', line 24)
COMMON_FLAGS := 
# environment
LC_ALL = C
# environment
GJS_DEBUG_TOPICS = JS ERROR;JS LOG
# automatic
^F = $(notdir $^)
# makefile (from 'Makefile', line 22)
__dirs := $(subst ,, )
# default
SUFFIXES := 
# environment
CHROME_DESKTOP = code-url-handler.desktop
# environment
WINDOWPATH = 2
# makefile (from 'Makefile', line 11)
DPU_SOURCES := dpu/helloworld.c
# default
.INCLUDE_DIRS = /usr/include /usr/local/include /usr/include
# environment
LC_IDENTIFICATION = fr_FR.UTF-8
# default
.RECIPEPREFIX := 
# environment
LC_ADDRESS = fr_FR.UTF-8
# environment
LANG = C
# environment
VSCODE_PID = 3018
# variable set hash-table stats:
# Load=121/1024=12%, Rehash=0, Collisions=21/166=13%

# Pattern-specific Variable Values

# No pattern-specific variable values.

# Directories

# host (device 66306, inode 31064253): 3 files, no impossibilities.
# . (device 66306, inode 31064084): 9 files, no impossibilities.
# dpu (device 66306, inode 31064251): 3 files, no impossibilities.

# 15 files, no impossibilities in 3 directories.

# Implicit Rules

# No implicit rules.

# Files

bin/dpu_code: dpu/helloworld.c
#  Implicit rule search has not been done.
#  Last modified 2022-07-05 14:15:23.779964521
#  File has been updated.
#  Successfully updated.
#  recipe to execute (from 'Makefile', line 34):
	dpu-upmem-dpurte-clang ${DPU_FLAGS} -o $@ ${DPU_SOURCES}

# Not a target:
dpu/helloworld.c:
#  Implicit rule search has been done.
#  Last modified 2022-07-05 14:06:12.508732338
#  File has been updated.
#  Successfully updated.

all: bin/host_code bin/dpu_code
#  Phony target (prerequisite of .PHONY).
#  Command line target.
#  Implicit rule search has not been done.
#  File does not exist.
#  File has been updated.
#  Successfully updated.

bin/host_code: host/helloworld_host.c
#  Implicit rule search has not been done.
#  Last modified 2022-07-05 14:15:23.735964579
#  File has been updated.
#  Successfully updated.
#  recipe to execute (from 'Makefile', line 31):
	$(CC) -o $@ ${HOST_SOURCES} ${HOST_FLAGS}

.PHONY: all clean test
#  Implicit rule search has not been done.
#  Modification time never checked.
#  File has not been updated.

# Not a target:
Makefile:
#  Implicit rule search has been done.
#  Last modified 2022-07-05 14:17:33.146618525
#  File has been updated.
#  Successfully updated.

test: all
#  Phony target (prerequisite of .PHONY).
#  Implicit rule search has not been done.
#  File does not exist.
#  File has not been updated.
#  recipe to execute (from 'Makefile', line 40):
	./${HOST_TARGET}

# Not a target:
host/helloworld_host.c:
#  Implicit rule search has been done.
#  Last modified 2022-07-05 14:07:52.73258419
#  File has been updated.
#  Successfully updated.

# Not a target:
.DEFAULT:
#  Implicit rule search has not been done.
#  Modification time never checked.
#  File has not been updated.

clean:
#  Phony target (prerequisite of .PHONY).
#  Implicit rule search has not been done.
#  File does not exist.
#  File has not been updated.
#  recipe to execute (from 'Makefile', line 37):
	$(RM) -r $(BUILDDIR)

# files hash-table stats:
# Load=11/1024=1%, Rehash=0, Collisions=0/34=0%
# VPATH Search Paths

# No 'vpath' search paths.

# No general ('VPATH' variable) search path.

# strcache buffers: 1 (0) / strings = 23 / storage = 221 B / avg = 9 B
# current buf: size = 8162 B / used = 221 B / count = 23 / avg = 9 B

# strcache performance: lookups = 46 / hit rate = 50%
# hash-table stats:
# Load=23/8192=0%, Rehash=0, Collisions=3/46=7%
# Finished Make data base on Tue Jul  5 14:17:37 2022

 
